<html>
<body>
<pre>
<h1>µVision Build Log</h1>
<h2>Tool Versions:</h2>
IDE-Version: ¦ÌVision V5.28.0.0
Copyright (C) 2019 ARM Ltd and ARM Germany GmbH. All rights reserved.
License Information: Derek Li, SJTU, LIC=----
 
Tool Versions:
Toolchain:       MDK-Lite  Version: 5.28.0.0
Toolchain Path:  C:\Keil_v5\ARM\ARMCC\Bin
C Compiler:      Armcc.exe V5.06 update 6 (build 750)
Assembler:       Armasm.exe V5.06 update 6 (build 750)
Linker/Locator:  ArmLink.exe V5.06 update 6 (build 750)
Library Manager: ArmAr.exe V5.06 update 6 (build 750)
Hex Converter:   FromElf.exe V5.06 update 6 (build 750)
CPU DLL:         SARMCM3.DLL V5.28.0.0
Dialog DLL:      DCM.DLL V1.17.3.0
Target DLL:      STLink\ST-LINKIII-KEIL_SWO.dll V3.0.6.0
Dialog DLL:      TCM.DLL V1.36.2.0
 
<h2>Project:</h2>
C:\STM32\Dehumidifier_2019_09_23\MDK-ARM\Dehumidifier_20190923.uvprojx
Project File Date:  09/24/2019

<h2>Output:</h2>
*** Using Compiler 'V5.06 update 6 (build 750)', folder: 'C:\Keil_v5\ARM\ARMCC\Bin'
Build target 'Dehumidifier_20190923'
compiling gpio.c...
compiling dac.c...
compiling adc.c...
compiling dma.c...
compiling tim.c...
compiling freertos.c...
compiling main.c...
compiling stm32f1xx_hal_gpio_ex.c...
compiling stm32f1xx_hal_msp.c...
compiling stm32f1xx_hal_adc_ex.c...
compiling stm32f1xx_hal_timebase_tim.c...
compiling usart.c...
compiling stm32f1xx_it.c...
compiling stm32f1xx_hal_adc.c...
compiling stm32f1xx_hal_dac_ex.c...
compiling stm32f1xx_hal.c...
compiling stm32f1xx_hal_dac.c...
compiling stm32f1xx_hal_tim_ex.c...
compiling stm32f1xx_hal_uart.c...
compiling stm32f1xx_hal_rcc.c...
compiling stm32f1xx_hal_tim.c...
compiling stm32f1xx_hal_gpio.c...
compiling stm32f1xx_hal_rcc_ex.c...
compiling stm32f1xx_hal_cortex.c...
compiling stm32f1xx_hal_pwr.c...
compiling stm32f1xx_hal_flash.c...
compiling stm32f1xx_hal_dma.c...
compiling croutine.c...
compiling stm32f1xx_hal_flash_ex.c...
compiling list.c...
compiling event_groups.c...
compiling stream_buffer.c...
compiling timers.c...
compiling queue.c...
compiling tasks.c...
compiling heap_4.c...
compiling cmsis_os.c...
compiling port.c...
compiling stm32f1xx_hal_exti.c...
compiling system_stm32f1xx.c...
compiling mb_crc.c...
compiling mb_master.c...
compiling mb_master_aqi.c...
compiling mb_master_cps.c...
compiling mb_slave.c...
compiling csro_adc.c...
..\Csro\csro_adc.c(40): warning:  #1-D: last line of file ends without a newline
  }
..\Csro\csro_adc.c: 1 warning, 0 errors
compiling mb_slave_hmi.c...
..\Modbus\mb_slave_hmi.c(81): warning:  #186-D: pointless comparison of unsigned integer with zero
              if (value >= 0 && value <= 500)
..\Modbus\mb_slave_hmi.c(108): warning:  #186-D: pointless comparison of unsigned integer with zero
                  if (value >= 0 && value <= 500)
..\Modbus\mb_slave_hmi.c: 2 warnings, 0 errors
compiling csro_stepper.c...
..\Csro\csro_stepper.c(21): error:  #18: expected a ")"
      osDelay(EXCITE_DURATION_MS);
..\Csro\csro_stepper.c(21): error:  #29: expected an expression
      osDelay(EXCITE_DURATION_MS);
..\Csro\csro_stepper.c(49): error:  #18: expected a ")"
      osDelay(EXCITE_DURATION_MS);
..\Csro\csro_stepper.c(49): error:  #29: expected an expression
      osDelay(EXCITE_DURATION_MS);
..\Csro\csro_stepper.c(55): error:  #20: identifier "last_phase" is undefined
      last_phase = phase;
..\Csro\csro_stepper.c(55): error:  #20: identifier "phase" is undefined
      last_phase = phase;
..\Csro\csro_stepper.c(75): error:  #20: identifier "last_phase" is undefined
      if (last_phase == 0 || last_phase == 1 || last_phase == 7)
..\Csro\csro_stepper.c(83): error:  #20: identifier "last_phase" is undefined
      if (last_phase == 1 || last_phase == 2 || last_phase == 3)
..\Csro\csro_stepper.c(92): error:  #20: identifier "last_phase" is undefined
      if (last_phase == 3 || last_phase == 4 || last_phase == 5)
..\Csro\csro_stepper.c(101): error:  #20: identifier "last_phase" is undefined
      if (last_phase == 5 || last_phase == 6 || last_phase == 7)
..\Csro\csro_stepper.c(15): warning:  #177-D: function "Excite_Current_Phase"  was declared but never referenced
  static void Excite_Current_Phase(direction dir)
..\Csro\csro_stepper.c: 1 warning, 10 errors
compiling csro_dac.c...
compiling csro_pwm.c...
..\Csro\csro_pwm.c(18): warning:  #1-D: last line of file ends without a newline
  }
..\Csro\csro_pwm.c: 1 warning, 0 errors
compiling csro_common.c...
compiling csro_gpio.c...
"Dehumidifier_20190923\Dehumidifier_20190923.axf" - 10 Error(s), 5 Warning(s).

<h2>Software Packages used:</h2>

Package Vendor: ARM
                http://www.keil.com/pack/ARM.CMSIS.5.5.1.pack
                ARM.CMSIS.5.5.1
                CMSIS (Cortex Microcontroller Software Interface Standard)
   * Component: CORE Version: 5.2.0

Package Vendor: Keil
                http://www.keil.com/pack/Keil.STM32F1xx_DFP.2.3.0.pack
                Keil.STM32F1xx_DFP.2.3.0
                STMicroelectronics STM32F1 Series Device Support, Drivers and Examples

<h2>Collection of Component include folders:</h2>
  .\RTE\_Dehumidifier_20190923
  C:\Users\Litao\AppData\Local\Arm\Packs\ARM\CMSIS\5.5.1\CMSIS\Core\Include
  C:\Users\Litao\AppData\Local\Arm\Packs\Keil\STM32F1xx_DFP\2.3.0\Device\Include

<h2>Collection of Component Files used:</h2>

   * Component: ARM::CMSIS:CORE:5.2.0
Target not created.
Build Time Elapsed:  00:00:22
</pre>
</body>
</html>
